2023-01-24 11:59:55 INFO  ProjectStartupHandler.runActivity(74) - ---------- Project opened ----------
2023-01-24 11:59:55 INFO  ProjectStartupHandler.runActivity(75) - ---------- Version 4.02 ----------

2023-01-24 11:59:55 INFO  ProjectStartupHandler.setAutoscrolls(346) - Autoscrolls successfully set
2023-01-24 11:59:55 INFO  ApacheHttpClient.isSessionAppropriateWithSecretKey(589) - The session is not set in the property file.
2023-01-24 11:59:56 INFO  ApacheHttpClient.login(250) - Waiting for server response.
2023-01-24 11:59:56 INFO  ApacheHttpClient.login(254) - responseCode = 200
2023-01-24 11:59:56 INFO  ApacheHttpClient.login(277) - JSESSIONID OK
2023-01-24 11:59:56 INFO  ApacheHttpClient.refreshUserInfo(305) - responseCode = 200
2023-01-24 11:59:56 INFO  ApacheHttpClient.refreshUserInfo(311) - User information received.
2023-01-24 11:59:56 INFO  ApacheHttpClient.startGA(36) - GAService started.
2023-01-24 12:00:02 INFO  ApacheHttpClient.getWebResourceAsStream(502) - responseCode = 200
2023-01-24 12:00:03 INFO  ApacheHttpClient.getFilteredTasks(336) - responseCode = 200
2023-01-24 12:00:11 INFO  ApacheHttpClient.getWebResourceAsStream(502) - responseCode = 200
2023-01-24 12:00:12 INFO  ApacheHttpClient.getFilteredTasks(336) - responseCode = 200
2023-01-24 12:00:19 INFO  ApacheHttpClient.getFilteredTasks(336) - responseCode = 200
2023-01-24 12:00:30 INFO  ApacheHttpClient.getFilteredTasks(336) - responseCode = 200
2023-01-24 12:00:38 INFO  ApacheHttpClient.getFilteredTasks(336) - responseCode = 200
2023-01-24 12:02:36 INFO  ApacheHttpClient.getWebResourceAsStream(502) - responseCode = 200
2023-01-24 12:02:36 INFO  ApacheHttpClient.getFilteredTasks(336) - responseCode = 200
2023-01-24 12:02:50 INFO  ApacheHttpClient.getFilteredTasks(336) - responseCode = 200
2023-01-24 12:02:53 INFO  ApacheHttpClient.getFilteredTasks(336) - responseCode = 200
2023-01-24 12:02:55 INFO  ApacheHttpClient.getFilteredTasks(336) - responseCode = 200
2023-01-24 12:02:58 INFO  ApacheHttpClient.getFilteredTasks(336) - responseCode = 200
2023-01-24 12:03:02 INFO  ApacheHttpClient.getFilteredTasks(336) - responseCode = 200
2023-01-24 12:17:41 INFO  ApacheHttpClient.getWebResourceAsStream(502) - responseCode = 200
2023-01-24 12:17:41 INFO  ApacheHttpClient.getFilteredTasks(336) - responseCode = 200
2023-01-24 12:17:46 INFO  ApacheHttpClient.getFilteredTasks(336) - responseCode = 200
2023-01-24 12:17:51 INFO  ApacheHttpClient.getFilteredTasks(336) - responseCode = 200
2023-01-24 12:17:56 INFO  ApacheHttpClient.getFilteredTasks(336) - responseCode = 200
2023-01-24 12:18:39 INFO  ApacheHttpClient.getTaskTemplateInfo(353) - responseCode = 200
2023-01-24 12:18:39 INFO  TaskInfoSelectorMouseListener.createDirectoryRecursive(78) - File created :C:/JavaRushTasks/1.JavaSyntax/src/com
2023-01-24 12:18:39 INFO  TaskInfoSelectorMouseListener.createDirectoryRecursive(78) - File created :C:/JavaRushTasks/1.JavaSyntax/src/com/javarush
2023-01-24 12:18:39 INFO  TaskInfoSelectorMouseListener.createDirectoryRecursive(78) - File created :C:/JavaRushTasks/1.JavaSyntax/src/com/javarush/task
2023-01-24 12:18:39 INFO  TaskInfoSelectorMouseListener.createDirectoryRecursive(78) - File created :C:/JavaRushTasks/1.JavaSyntax/src/com/javarush/task/pro
2023-01-24 12:18:39 INFO  TaskInfoSelectorMouseListener.createDirectoryRecursive(78) - File created :C:/JavaRushTasks/1.JavaSyntax/src/com/javarush/task/pro/task04
2023-01-24 12:18:39 INFO  TaskInfoSelectorMouseListener.createDirectoryRecursive(78) - File created :C:/JavaRushTasks/1.JavaSyntax/src/com/javarush/task/pro/task04/task0418
2023-01-24 12:19:54 INFO  ApacheHttpClient.getWebResourceAsStream(502) - responseCode = 200
2023-01-24 12:19:54 INFO  ApacheHttpClient.completed(32) - responseCode = 400
2023-01-24 12:19:55 INFO  ApacheHttpClient.getTask(488) - responseCode = 200
2023-01-24 12:19:55 WARN  TaskCompleted.run(74) - You already completed this task: "Стакан наполовину пуст или наполовину полон?"
com.homework.plugin.analytics.PluginWarningException: warning
	at com.homework.plugin.callback.TaskCompleted.run(TaskCompleted.java:74)
	at com.intellij.openapi.application.TransactionGuardImpl.runWithWritingAllowed(TransactionGuardImpl.java:209)
	at com.intellij.openapi.application.TransactionGuardImpl.access$100(TransactionGuardImpl.java:21)
	at com.intellij.openapi.application.TransactionGuardImpl$1.run(TransactionGuardImpl.java:191)
	at com.intellij.openapi.application.impl.ApplicationImpl.runIntendedWriteActionOnCurrentThread(ApplicationImpl.java:813)
	at com.intellij.openapi.application.impl.ApplicationImpl$3.run(ApplicationImpl.java:429)
	at com.intellij.openapi.application.impl.FlushQueue.doRun(FlushQueue.java:74)
	at com.intellij.openapi.application.impl.FlushQueue.runNextEvent(FlushQueue.java:114)
	at com.intellij.openapi.application.impl.FlushQueue.flushNow(FlushQueue.java:36)
	at java.desktop/java.awt.event.InvocationEvent.dispatch(InvocationEvent.java:318)
	at java.desktop/java.awt.EventQueue.dispatchEventImpl(EventQueue.java:779)
	at java.desktop/java.awt.EventQueue$4.run(EventQueue.java:730)
	at java.desktop/java.awt.EventQueue$4.run(EventQueue.java:724)
	at java.base/java.security.AccessController.doPrivileged(AccessController.java:399)
	at java.base/java.security.ProtectionDomain$JavaSecurityAccessImpl.doIntersectionPrivilege(ProtectionDomain.java:86)
	at java.desktop/java.awt.EventQueue.dispatchEvent(EventQueue.java:749)
	at com.intellij.ide.IdeEventQueue.defaultDispatchEvent(IdeEventQueue.java:909)
	at com.intellij.ide.IdeEventQueue._dispatchEvent(IdeEventQueue.java:756)
	at com.intellij.ide.IdeEventQueue.lambda$dispatchEvent$5(IdeEventQueue.java:437)
	at com.intellij.openapi.progress.impl.CoreProgressManager.computePrioritized(CoreProgressManager.java:772)
	at com.intellij.ide.IdeEventQueue.lambda$dispatchEvent$6(IdeEventQueue.java:436)
	at com.intellij.openapi.application.TransactionGuardImpl.performActivity(TransactionGuardImpl.java:105)
	at com.intellij.ide.IdeEventQueue.performActivity(IdeEventQueue.java:615)
	at com.intellij.ide.IdeEventQueue.lambda$dispatchEvent$7(IdeEventQueue.java:434)
	at com.intellij.openapi.application.impl.ApplicationImpl.runIntendedWriteActionOnCurrentThread(ApplicationImpl.java:813)
	at com.intellij.ide.IdeEventQueue.dispatchEvent(IdeEventQueue.java:480)
	at java.desktop/java.awt.EventDispatchThread.pumpOneEventForFilters(EventDispatchThread.java:207)
	at java.desktop/java.awt.EventDispatchThread.pumpEventsForFilter(EventDispatchThread.java:128)
	at java.desktop/java.awt.EventDispatchThread.pumpEventsForHierarchy(EventDispatchThread.java:117)
	at java.desktop/java.awt.EventDispatchThread.pumpEvents(EventDispatchThread.java:113)
	at java.desktop/java.awt.EventDispatchThread.pumpEvents(EventDispatchThread.java:105)
	at java.desktop/java.awt.EventDispatchThread.run(EventDispatchThread.java:92)
2023-01-24 12:30:26 INFO  ApacheHttpClient.getWebResourceAsStream(502) - responseCode = 200
2023-01-24 12:30:28 INFO  ApacheHttpClient.getFilteredTasks(336) - responseCode = 200
2023-01-24 12:30:45 INFO  ApacheHttpClient.getTaskTemplateInfo(353) - responseCode = 200
2023-01-24 12:30:45 INFO  TaskInfoSelectorMouseListener.createDirectoryRecursive(78) - File created :C:/JavaRushTasks/1.JavaSyntax/src/com/javarush/task/pro/task05
2023-01-24 12:30:45 INFO  TaskInfoSelectorMouseListener.createDirectoryRecursive(78) - File created :C:/JavaRushTasks/1.JavaSyntax/src/com/javarush/task/pro/task05/task0520
2023-01-24 12:33:38 INFO  ApacheHttpClient.getWebResourceAsStream(502) - responseCode = 200
2023-01-24 12:33:39 INFO  ApacheHttpClient.getTask(488) - responseCode = 200
2023-01-24 12:33:40 INFO  ApacheHttpClient.completed(32) - responseCode = 200
2023-01-24 12:40:21 INFO  ApacheHttpClient.getWebResourceAsStream(502) - responseCode = 200
2023-01-24 12:40:22 INFO  ApacheHttpClient.getFilteredTasks(336) - responseCode = 200
2023-01-24 12:42:38 INFO  ProjectStartupHandler.projectClosing(155) - ---------- Project closed ----------

2023-01-24 12:42:38 INFO  ApacheHttpClient.getTask(488) - responseCode = 200
2023-01-24 12:42:39 INFO  ApacheHttpClient.getTask(488) - responseCode = 200
2023-01-24 12:42:39 INFO  PluginProjectService.dispose(41) - PluginProjectService for disposed.
2023-01-24 12:43:09 INFO  ProjectStartupHandler.runActivity(74) - ---------- Project opened ----------
2023-01-24 12:43:09 INFO  ProjectStartupHandler.runActivity(75) - ---------- Version 4.02 ----------

2023-01-24 12:43:09 INFO  ProjectStartupHandler.setAutoscrolls(346) - Autoscrolls successfully set
2023-01-24 12:43:09 INFO  ApacheHttpClient.isSessionAppropriateWithSecretKey(602) - Waiting for server response.
2023-01-24 12:43:09 INFO  ApacheHttpClient.refreshUserInfo(305) - responseCode = 200
2023-01-24 12:43:09 INFO  ApacheHttpClient.refreshUserInfo(311) - User information received.
2023-01-24 12:43:09 INFO  ApacheHttpClient.startGA(36) - GAService started.
2023-01-24 12:46:32 INFO  ApacheHttpClient.getWebResourceAsStream(502) - responseCode = 200
2023-01-24 12:46:32 INFO  ApacheHttpClient.getTask(488) - responseCode = 200
2023-01-24 12:46:34 INFO  ApacheHttpClient.completed(32) - responseCode = 200
2023-01-24 12:49:26 INFO  ApacheHttpClient.getWebResourceAsStream(502) - responseCode = 200
2023-01-24 12:49:27 INFO  ApacheHttpClient.getTask(488) - responseCode = 200
2023-01-24 12:49:27 INFO  ApacheHttpClient.completed(32) - responseCode = 200
2023-01-24 12:49:28 INFO  ApacheHttpClient.getTask(488) - responseCode = 200
2023-01-24 12:56:33 INFO  ProjectStartupHandler.projectClosing(155) - ---------- Project closed ----------

2023-01-24 12:56:34 INFO  ApacheHttpClient.getTask(488) - responseCode = 200
2023-01-24 12:56:34 INFO  ApacheHttpClient.getTask(488) - responseCode = 200
2023-01-24 12:56:34 INFO  PluginProjectService.dispose(41) - PluginProjectService for disposed.
2023-01-24 23:37:50 INFO  ProjectStartupHandler.runActivity(74) - ---------- Project opened ----------
2023-01-24 23:37:50 INFO  ProjectStartupHandler.runActivity(75) - ---------- Version 4.02 ----------

2023-01-24 23:37:50 INFO  ApacheHttpClient.isSessionAppropriateWithSecretKey(602) - Waiting for server response.
2023-01-24 23:37:50 INFO  ApacheHttpClient.refreshUserInfo(305) - responseCode = 200
2023-01-24 23:37:50 INFO  ApacheHttpClient.refreshUserInfo(311) - User information received.
2023-01-24 23:37:50 INFO  ApacheHttpClient.startGA(36) - GAService started.
2023-01-24 23:48:55 INFO  ApacheHttpClient.getWebResourceAsStream(502) - responseCode = 200
2023-01-24 23:48:56 INFO  ApacheHttpClient.getFilteredTasks(336) - responseCode = 200
2023-01-24 23:49:08 INFO  ApacheHttpClient.getTaskTemplateInfo(353) - responseCode = 200
2023-01-24 23:49:08 INFO  TaskInfoSelectorMouseListener.createDirectoryRecursive(78) - File created :C:/JavaRushTasks/1.JavaSyntax/src/com/javarush/task/pro/task05/task0521
2023-01-24 23:53:44 INFO  ApacheHttpClient.getWebResourceAsStream(502) - responseCode = 200
2023-01-24 23:53:45 INFO  ApacheHttpClient.getTask(488) - responseCode = 200
2023-01-24 23:53:46 INFO  ApacheHttpClient.completed(32) - responseCode = 200
2023-01-24 23:53:46 INFO  ApacheHttpClient.getTask(488) - responseCode = 200
2023-01-25 00:05:56 INFO  ProjectStartupHandler.projectClosing(155) - ---------- Project closed ----------

2023-01-25 00:05:56 INFO  ApacheHttpClient.getTask(488) - responseCode = 200
2023-01-25 00:05:56 INFO  ApacheHttpClient.getTask(488) - responseCode = 200
2023-01-25 00:05:57 INFO  PluginProjectService.dispose(41) - PluginProjectService for disposed.
2023-01-25 00:06:24 INFO  ProjectStartupHandler.runActivity(74) - ---------- Project opened ----------
2023-01-25 00:06:24 INFO  ProjectStartupHandler.runActivity(75) - ---------- Version 4.02 ----------

2023-01-25 00:06:24 INFO  ApacheHttpClient.isSessionAppropriateWithSecretKey(602) - Waiting for server response.
2023-01-25 00:06:24 INFO  ApacheHttpClient.refreshUserInfo(305) - responseCode = 200
2023-01-25 00:06:24 INFO  ApacheHttpClient.refreshUserInfo(311) - User information received.
2023-01-25 00:06:25 INFO  ApacheHttpClient.startGA(36) - GAService started.
2023-01-25 01:02:11 INFO  ApacheHttpClient.getWebResourceAsStream(502) - responseCode = 200
2023-01-25 01:02:13 INFO  ApacheHttpClient.getFilteredTasks(336) - responseCode = 200
2023-01-25 01:02:22 INFO  ApacheHttpClient.getFilteredTasks(336) - responseCode = 200
2023-01-25 01:02:27 INFO  ApacheHttpClient.getTaskTemplateInfo(353) - responseCode = 200
2023-01-25 01:02:27 INFO  TaskInfoSelectorMouseListener.createDirectoryRecursive(78) - File created :C:/JavaRushTasks/1.JavaSyntax/src/com/javarush/task/pro/task05/task0501
2023-01-25 01:03:59 INFO  ApacheHttpClient.getWebResourceAsStream(502) - responseCode = 200
2023-01-25 01:03:59 INFO  ApacheHttpClient.getTask(488) - responseCode = 200
2023-01-25 01:04:00 INFO  ApacheHttpClient.completed(32) - responseCode = 200
2023-01-25 01:04:00 INFO  ApacheHttpClient.getTask(488) - responseCode = 200
2023-01-25 01:08:07 INFO  ApacheHttpClient.getWebResourceAsStream(502) - responseCode = 200
2023-01-25 01:08:08 INFO  ApacheHttpClient.getFilteredTasks(336) - responseCode = 200
2023-01-25 01:08:10 INFO  ApacheHttpClient.getTaskTemplateInfo(353) - responseCode = 200
2023-01-25 01:08:10 INFO  TaskInfoSelectorMouseListener.createDirectoryRecursive(78) - File created :C:/JavaRushTasks/1.JavaSyntax/src/com/javarush/task/pro/task05/task0502
2023-01-25 01:13:29 INFO  ApacheHttpClient.getWebResourceAsStream(502) - responseCode = 200
2023-01-25 01:13:29 INFO  ApacheHttpClient.getTask(488) - responseCode = 200
2023-01-25 01:13:30 INFO  ApacheHttpClient.completed(32) - responseCode = 200
2023-01-25 01:13:30 INFO  ApacheHttpClient.getTask(488) - responseCode = 200
2023-01-25 01:14:32 INFO  ApacheHttpClient.getWebResourceAsStream(502) - responseCode = 200
2023-01-25 01:14:32 INFO  ApacheHttpClient.getFilteredTasks(336) - responseCode = 200
2023-01-25 01:14:35 INFO  ApacheHttpClient.getTaskTemplateInfo(353) - responseCode = 200
2023-01-25 01:14:35 INFO  TaskInfoSelectorMouseListener.createDirectoryRecursive(78) - File created :C:/JavaRushTasks/1.JavaSyntax/src/com/javarush/task/pro/task05/task0503
2023-01-25 01:22:36 INFO  ApacheHttpClient.getWebResourceAsStream(502) - responseCode = 200
2023-01-25 01:22:37 INFO  ApacheHttpClient.getTask(488) - responseCode = 200
2023-01-25 01:22:37 INFO  ApacheHttpClient.completed(32) - responseCode = 200
2023-01-25 01:24:19 INFO  ApacheHttpClient.getWebResourceAsStream(502) - responseCode = 200
2023-01-25 01:24:19 INFO  ApacheHttpClient.getTask(488) - responseCode = 200
2023-01-25 01:24:20 INFO  ApacheHttpClient.completed(32) - responseCode = 200
2023-01-25 01:24:20 INFO  ApacheHttpClient.getTask(488) - responseCode = 200
2023-01-25 01:24:32 INFO  ApacheHttpClient.getWebResourceAsStream(502) - responseCode = 200
2023-01-25 01:24:32 INFO  ApacheHttpClient.getFilteredTasks(336) - responseCode = 200
2023-01-25 01:26:44 INFO  ProjectStartupHandler.projectClosing(155) - ---------- Project closed ----------

2023-01-25 01:26:44 INFO  ApacheHttpClient.getTask(488) - responseCode = 200
2023-01-25 01:26:44 INFO  ApacheHttpClient.getTask(488) - responseCode = 200
2023-01-25 01:26:45 INFO  ApacheHttpClient.getTask(488) - responseCode = 200
2023-01-25 01:26:45 INFO  PluginProjectService.dispose(41) - PluginProjectService for disposed.
2023-01-25 13:39:45 INFO  ProjectStartupHandler.runActivity(74) - ---------- Project opened ----------
2023-01-25 13:39:45 INFO  ProjectStartupHandler.runActivity(75) - ---------- Version 4.02 ----------

2023-01-25 13:39:45 INFO  ApacheHttpClient.isSessionAppropriateWithSecretKey(602) - Waiting for server response.
2023-01-25 13:39:45 INFO  ApacheHttpClient.refreshUserInfo(305) - responseCode = 200
2023-01-25 13:39:46 INFO  ApacheHttpClient.refreshUserInfo(311) - User information received.
2023-01-25 13:39:46 INFO  ApacheHttpClient.startGA(36) - GAService started.
2023-01-25 15:06:50 INFO  ApacheHttpClient.getWebResourceAsStream(502) - responseCode = 200
2023-01-25 15:06:50 INFO  ApacheHttpClient.getFilteredTasks(336) - responseCode = 200
2023-01-25 15:06:54 INFO  ApacheHttpClient.getTaskTemplateInfo(353) - responseCode = 200
2023-01-25 15:06:54 INFO  TaskInfoSelectorMouseListener.createDirectoryRecursive(78) - File created :C:/JavaRushTasks/1.JavaSyntax/src/com/javarush/task/pro/task05/task0504
2023-01-25 15:12:30 INFO  ProjectStartupHandler.projectClosing(155) - ---------- Project closed ----------

2023-01-25 15:12:31 INFO  ApacheHttpClient.getTask(488) - responseCode = 200
2023-01-25 15:12:31 INFO  PluginProjectService.dispose(41) - PluginProjectService for disposed.
2023-01-25 15:13:15 INFO  ProjectStartupHandler.runActivity(74) - ---------- Project opened ----------
2023-01-25 15:13:15 INFO  ProjectStartupHandler.runActivity(75) - ---------- Version 4.02 ----------

2023-01-25 15:13:15 INFO  ApacheHttpClient.isSessionAppropriateWithSecretKey(602) - Waiting for server response.
2023-01-25 15:13:15 INFO  ApacheHttpClient.refreshUserInfo(305) - responseCode = 200
2023-01-25 15:13:15 INFO  ApacheHttpClient.refreshUserInfo(311) - User information received.
2023-01-25 15:13:15 INFO  ApacheHttpClient.startGA(36) - GAService started.
2023-01-25 15:31:20 INFO  ApacheHttpClient.getWebResourceAsStream(502) - responseCode = 200
2023-01-25 15:31:20 INFO  ApacheHttpClient.getTask(488) - responseCode = 200
2023-01-25 15:31:21 INFO  ApacheHttpClient.completed(32) - responseCode = 200
2023-01-25 15:32:41 INFO  ApacheHttpClient.getWebResourceAsStream(502) - responseCode = 200
2023-01-25 15:32:42 INFO  ApacheHttpClient.getTask(488) - responseCode = 200
2023-01-25 15:32:42 INFO  ApacheHttpClient.completed(32) - responseCode = 200
2023-01-25 15:32:42 INFO  ApacheHttpClient.getTask(488) - responseCode = 200
2023-01-25 15:36:23 INFO  ApacheHttpClient.getWebResourceAsStream(502) - responseCode = 200
2023-01-25 15:36:23 INFO  ApacheHttpClient.getFilteredTasks(336) - responseCode = 200
2023-01-25 15:36:44 INFO  ProjectStartupHandler.projectClosing(155) - ---------- Project closed ----------

2023-01-25 15:36:44 INFO  ApacheHttpClient.getTask(488) - responseCode = 200
2023-01-25 15:36:44 INFO  PluginProjectService.dispose(41) - PluginProjectService for disposed.
2023-01-26 15:33:46 INFO  ProjectStartupHandler.runActivity(74) - ---------- Project opened ----------
2023-01-26 15:33:46 INFO  ProjectStartupHandler.runActivity(75) - ---------- Version 4.02 ----------

2023-01-26 15:33:47 INFO  ApacheHttpClient.isSessionAppropriateWithSecretKey(602) - Waiting for server response.
2023-01-26 15:33:47 INFO  ApacheHttpClient.refreshUserInfo(305) - responseCode = 200
2023-01-26 15:33:47 INFO  ApacheHttpClient.refreshUserInfo(311) - User information received.
2023-01-26 15:33:47 INFO  ApacheHttpClient.startGA(36) - GAService started.
2023-01-26 15:37:44 INFO  ApacheHttpClient.getWebResourceAsStream(502) - responseCode = 200
2023-01-26 15:37:44 INFO  ApacheHttpClient.getFilteredTasks(336) - responseCode = 200
2023-01-26 15:38:00 INFO  ApacheHttpClient.getTaskTemplateInfo(353) - responseCode = 200
2023-01-26 15:38:00 INFO  TaskInfoSelectorMouseListener.createDirectoryRecursive(78) - File created :C:/JavaRushTasks/1.JavaSyntax/src/com/javarush/task/pro/task05/task0505
2023-01-26 16:55:39 INFO  ApacheHttpClient.getWebResourceAsStream(502) - responseCode = 200
2023-01-26 16:55:39 INFO  ApacheHttpClient.getTask(488) - responseCode = 200
2023-01-26 16:55:41 INFO  ApacheHttpClient.completed(32) - responseCode = 200
2023-01-26 16:55:41 INFO  ApacheHttpClient.getTask(488) - responseCode = 200
2023-01-26 16:59:08 INFO  ApacheHttpClient.getWebResourceAsStream(502) - responseCode = 200
2023-01-26 16:59:09 INFO  ApacheHttpClient.getFilteredTasks(336) - responseCode = 200
2023-01-26 16:59:16 INFO  ApacheHttpClient.getTaskTemplateInfo(353) - responseCode = 200
2023-01-26 16:59:16 INFO  TaskInfoSelectorMouseListener.createDirectoryRecursive(78) - File created :C:/JavaRushTasks/1.JavaSyntax/src/com/javarush/task/pro/task05/task0506
2023-01-26 17:08:55 INFO  ApacheHttpClient.getWebResourceAsStream(502) - responseCode = 200
2023-01-26 17:08:56 INFO  ApacheHttpClient.getTask(488) - responseCode = 200
2023-01-26 17:08:57 INFO  ApacheHttpClient.completed(32) - responseCode = 200
2023-01-26 17:10:41 INFO  ApacheHttpClient.getWebResourceAsStream(502) - responseCode = 200
2023-01-26 17:10:41 INFO  ApacheHttpClient.getTask(488) - responseCode = 200
2023-01-26 17:10:44 INFO  ApacheHttpClient.completed(32) - responseCode = 200
2023-01-26 17:16:26 INFO  ApacheHttpClient.getWebResourceAsStream(502) - responseCode = 200
2023-01-26 17:16:26 INFO  ApacheHttpClient.getTask(488) - responseCode = 200
2023-01-26 17:16:27 INFO  ApacheHttpClient.completed(32) - responseCode = 200
2023-01-26 17:19:51 INFO  ApacheHttpClient.getWebResourceAsStream(502) - responseCode = 200
2023-01-26 17:19:51 INFO  ApacheHttpClient.getTask(488) - responseCode = 200
2023-01-26 17:19:53 INFO  ApacheHttpClient.completed(32) - responseCode = 200
2023-01-26 17:19:54 INFO  ApacheHttpClient.getTask(488) - responseCode = 200
2023-01-26 17:20:26 INFO  ApacheHttpClient.getWebResourceAsStream(502) - responseCode = 200
2023-01-26 17:20:27 INFO  ApacheHttpClient.getFilteredTasks(336) - responseCode = 200
2023-01-26 17:20:31 INFO  ApacheHttpClient.getTaskTemplateInfo(353) - responseCode = 200
2023-01-26 17:20:31 INFO  TaskInfoSelectorMouseListener.createDirectoryRecursive(78) - File created :C:/JavaRushTasks/1.JavaSyntax/src/com/javarush/task/pro/task05/task0507
2023-01-26 17:28:00 INFO  ApacheHttpClient.getWebResourceAsStream(502) - responseCode = 200
2023-01-26 17:28:00 INFO  ApacheHttpClient.getTask(488) - responseCode = 200
2023-01-26 17:28:01 INFO  ApacheHttpClient.completed(32) - responseCode = 200
2023-01-26 17:28:01 INFO  ApacheHttpClient.getTask(488) - responseCode = 200
2023-01-26 17:37:43 INFO  ApacheHttpClient.getWebResourceAsStream(502) - responseCode = 200
2023-01-26 17:37:43 INFO  ApacheHttpClient.getFilteredTasks(336) - responseCode = 200
2023-01-26 17:37:59 INFO  ApacheHttpClient.getTaskTemplateInfo(353) - responseCode = 200
2023-01-26 17:37:59 INFO  TaskInfoSelectorMouseListener.createDirectoryRecursive(78) - File created :C:/JavaRushTasks/1.JavaSyntax/src/com/javarush/task/pro/task05/task0508
2023-01-26 18:14:32 INFO  ApacheHttpClient.getWebResourceAsStream(502) - responseCode = 200
2023-01-26 18:14:33 INFO  ApacheHttpClient.getTask(488) - responseCode = 200
2023-01-26 18:14:33 INFO  ApacheHttpClient.completed(32) - responseCode = 200
2023-01-26 18:14:34 INFO  ApacheHttpClient.getTask(488) - responseCode = 200
2023-01-26 18:39:20 INFO  ApacheHttpClient.getWebResourceAsStream(502) - responseCode = 200
2023-01-26 18:39:20 INFO  ApacheHttpClient.getFilteredTasks(336) - responseCode = 200
2023-01-26 18:39:27 INFO  ApacheHttpClient.getTaskTemplateInfo(353) - responseCode = 200
2023-01-26 18:39:27 INFO  TaskInfoSelectorMouseListener.createDirectoryRecursive(78) - File created :C:/JavaRushTasks/1.JavaSyntax/src/com/javarush/task/pro/task05/task0509
2023-01-26 19:14:03 INFO  ApacheHttpClient.getWebResourceAsStream(502) - responseCode = 200
2023-01-26 19:14:04 INFO  ApacheHttpClient.getTask(488) - responseCode = 200
2023-01-26 19:14:05 INFO  ApacheHttpClient.completed(32) - responseCode = 200
2023-01-26 19:14:05 INFO  ApacheHttpClient.getTask(488) - responseCode = 200
2023-01-26 19:19:24 INFO  ApacheHttpClient.getWebResourceAsStream(502) - responseCode = 200
2023-01-26 19:19:25 INFO  ApacheHttpClient.getFilteredTasks(336) - responseCode = 200
2023-01-26 19:23:55 INFO  ApacheHttpClient.getWebResourceAsStream(502) - responseCode = 200
2023-01-26 19:23:56 INFO  ApacheHttpClient.getFilteredTasks(336) - responseCode = 200
2023-01-26 19:24:03 INFO  ApacheHttpClient.getTaskTemplateInfo(353) - responseCode = 200
2023-01-26 19:24:03 INFO  TaskInfoSelectorMouseListener.createDirectoryRecursive(78) - File created :C:/JavaRushTasks/1.JavaSyntax/src/com/javarush/task/pro/task05/task0510
2023-01-26 19:45:20 INFO  ApacheHttpClient.getWebResourceAsStream(502) - responseCode = 200
2023-01-26 19:45:21 INFO  ApacheHttpClient.getTask(488) - responseCode = 200
2023-01-26 19:45:21 INFO  ApacheHttpClient.completed(32) - responseCode = 200
2023-01-26 19:46:37 INFO  ApacheHttpClient.getWebResourceAsStream(502) - responseCode = 200
2023-01-26 19:46:38 INFO  ApacheHttpClient.getTask(488) - responseCode = 200
2023-01-26 19:46:38 INFO  ApacheHttpClient.completed(32) - responseCode = 200
2023-01-26 19:46:39 INFO  ApacheHttpClient.getTask(488) - responseCode = 200
2023-01-26 19:56:06 INFO  ApacheHttpClient.getWebResourceAsStream(502) - responseCode = 200
2023-01-26 19:56:06 INFO  ApacheHttpClient.getFilteredTasks(336) - responseCode = 200
2023-01-26 19:56:13 INFO  ApacheHttpClient.getTaskTemplateInfo(353) - responseCode = 200
2023-01-26 19:56:13 INFO  TaskInfoSelectorMouseListener.createDirectoryRecursive(78) - File created :C:/JavaRushTasks/1.JavaSyntax/src/com/javarush/task/pro/task05/task0511
2023-01-26 19:56:24 INFO  ApacheHttpClient.getWebResourceAsStream(502) - responseCode = 200
2023-01-26 19:56:24 INFO  ApacheHttpClient.getFilteredTasks(336) - responseCode = 200
2023-01-26 20:05:11 INFO  ApacheHttpClient.getWebResourceAsStream(502) - responseCode = 200
2023-01-26 20:05:12 INFO  ApacheHttpClient.getTask(488) - responseCode = 200
2023-01-26 20:05:12 INFO  ApacheHttpClient.completed(32) - responseCode = 200
2023-01-26 20:05:13 INFO  ApacheHttpClient.getTask(488) - responseCode = 200
2023-01-26 20:09:46 INFO  ApacheHttpClient.getWebResourceAsStream(502) - responseCode = 200
2023-01-26 20:09:47 INFO  ApacheHttpClient.getFilteredTasks(336) - responseCode = 200
2023-01-26 20:09:57 INFO  ApacheHttpClient.getTaskTemplateInfo(353) - responseCode = 200
2023-01-26 20:09:57 INFO  TaskInfoSelectorMouseListener.createDirectoryRecursive(78) - File created :C:/JavaRushTasks/1.JavaSyntax/src/com/javarush/task/pro/task05/task0512
2023-01-26 20:24:48 INFO  ApacheHttpClient.getWebResourceAsStream(502) - responseCode = 200
2023-01-26 20:24:49 INFO  ApacheHttpClient.getTask(488) - responseCode = 200
2023-01-26 20:24:49 INFO  ApacheHttpClient.completed(32) - responseCode = 200
2023-01-26 20:24:50 INFO  ApacheHttpClient.getTask(488) - responseCode = 200
2023-01-26 20:27:25 INFO  ApacheHttpClient.getWebResourceAsStream(502) - responseCode = 200
2023-01-26 20:27:25 INFO  ApacheHttpClient.getFilteredTasks(336) - responseCode = 200
2023-01-26 20:49:26 INFO  ApacheHttpClient.getWebResourceAsStream(502) - responseCode = 200
2023-01-26 20:49:26 INFO  ApacheHttpClient.getFilteredTasks(336) - responseCode = 200
2023-01-26 20:49:30 INFO  ApacheHttpClient.getTaskTemplateInfo(353) - responseCode = 200
2023-01-26 20:49:30 INFO  TaskInfoSelectorMouseListener.createDirectoryRecursive(78) - File created :C:/JavaRushTasks/1.JavaSyntax/src/com/javarush/task/pro/task05/task0513
2023-01-26 20:51:58 INFO  ApacheHttpClient.getWebResourceAsStream(502) - responseCode = 200
2023-01-26 20:51:59 INFO  ApacheHttpClient.getTask(488) - responseCode = 200
2023-01-26 20:52:06 INFO  ApacheHttpClient.completed(32) - responseCode = 200
2023-01-26 20:52:06 INFO  ApacheHttpClient.getTask(488) - responseCode = 200
2023-01-26 20:53:25 INFO  ApacheHttpClient.getWebResourceAsStream(502) - responseCode = 200
2023-01-26 20:53:25 INFO  ApacheHttpClient.getFilteredTasks(336) - responseCode = 200
2023-01-26 20:53:29 INFO  ApacheHttpClient.getTaskTemplateInfo(353) - responseCode = 200
2023-01-26 20:53:29 INFO  TaskInfoSelectorMouseListener.createDirectoryRecursive(78) - File created :C:/JavaRushTasks/1.JavaSyntax/src/com/javarush/task/pro/task05/task0514
2023-01-26 20:54:39 INFO  ApacheHttpClient.getWebResourceAsStream(502) - responseCode = 200
2023-01-26 20:54:40 INFO  ApacheHttpClient.getTask(488) - responseCode = 200
2023-01-26 20:54:45 INFO  ApacheHttpClient.completed(32) - responseCode = 200
2023-01-26 20:54:46 INFO  ApacheHttpClient.getTask(488) - responseCode = 200
2023-01-26 21:02:32 INFO  ApacheHttpClient.getWebResourceAsStream(502) - responseCode = 200
2023-01-26 21:02:33 INFO  ApacheHttpClient.getFilteredTasks(336) - responseCode = 200
2023-01-26 21:02:38 INFO  ApacheHttpClient.getTaskTemplateInfo(353) - responseCode = 200
2023-01-26 21:02:38 INFO  TaskInfoSelectorMouseListener.createDirectoryRecursive(78) - File created :C:/JavaRushTasks/1.JavaSyntax/src/com/javarush/task/pro/task05/task0515
2023-01-26 21:22:51 INFO  ApacheHttpClient.getWebResourceAsStream(502) - responseCode = 200
2023-01-26 21:22:51 INFO  ApacheHttpClient.getTask(488) - responseCode = 200
2023-01-26 21:22:52 INFO  ApacheHttpClient.completed(32) - responseCode = 200
2023-01-26 21:22:53 INFO  ApacheHttpClient.getTask(488) - responseCode = 200
2023-01-26 21:28:23 INFO  ProjectStartupHandler.projectClosing(155) - ---------- Project closed ----------

2023-01-26 21:28:24 INFO  ApacheHttpClient.getTask(488) - responseCode = 200
2023-01-26 21:28:24 INFO  ApacheHttpClient.getTask(488) - responseCode = 200
2023-01-26 21:28:24 INFO  ApacheHttpClient.getTask(488) - responseCode = 200
2023-01-26 21:28:24 INFO  ApacheHttpClient.getTask(488) - responseCode = 200
2023-01-26 21:28:25 INFO  ApacheHttpClient.getTask(488) - responseCode = 200
2023-01-26 21:28:25 INFO  ApacheHttpClient.getTask(488) - responseCode = 200
2023-01-26 21:28:25 INFO  ApacheHttpClient.getTask(488) - responseCode = 200
2023-01-26 21:28:26 INFO  ApacheHttpClient.getTask(488) - responseCode = 200
2023-01-26 21:28:26 INFO  ApacheHttpClient.getTask(488) - responseCode = 200
2023-01-26 21:28:26 INFO  ApacheHttpClient.getTask(488) - responseCode = 200
2023-01-26 21:28:27 INFO  ApacheHttpClient.getTask(488) - responseCode = 200
2023-01-26 21:28:27 INFO  ApacheHttpClient.getTask(488) - responseCode = 200
2023-01-26 21:28:27 INFO  ApacheHttpClient.getTask(488) - responseCode = 200
2023-01-26 21:28:27 INFO  ApacheHttpClient.getTask(488) - responseCode = 200
2023-01-26 21:28:28 INFO  ApacheHttpClient.getTask(488) - responseCode = 200
2023-01-26 21:28:28 INFO  ApacheHttpClient.getTask(488) - responseCode = 200
2023-01-26 21:28:28 INFO  PluginProjectService.dispose(41) - PluginProjectService for disposed.
2023-01-27 12:04:39 INFO  ProjectStartupHandler.runActivity(74) - ---------- Project opened ----------
2023-01-27 12:04:39 INFO  ProjectStartupHandler.runActivity(75) - ---------- Version 4.02 ----------

2023-01-27 12:04:39 INFO  ApacheHttpClient.isSessionAppropriateWithSecretKey(602) - Waiting for server response.
2023-01-27 12:04:40 INFO  ApacheHttpClient.refreshUserInfo(305) - responseCode = 200
2023-01-27 12:04:40 INFO  ApacheHttpClient.refreshUserInfo(311) - User information received.
2023-01-27 12:04:40 INFO  ApacheHttpClient.startGA(36) - GAService started.
2023-01-27 12:25:13 INFO  ApacheHttpClient.getWebResourceAsStream(502) - responseCode = 200
2023-01-27 12:25:13 INFO  ApacheHttpClient.getFilteredTasks(336) - responseCode = 200
2023-01-27 12:25:23 INFO  ApacheHttpClient.getTaskTemplateInfo(353) - responseCode = 200
2023-01-27 12:25:23 INFO  TaskInfoSelectorMouseListener.createDirectoryRecursive(78) - File created :C:/JavaRushTasks/1.JavaSyntax/src/com/javarush/task/pro/task05/task0516
2023-01-27 12:28:46 INFO  ProjectStartupHandler.projectClosing(155) - ---------- Project closed ----------

2023-01-27 12:28:46 INFO  ApacheHttpClient.getTask(488) - responseCode = 200
2023-01-27 12:28:46 INFO  PluginProjectService.dispose(41) - PluginProjectService for disposed.
2023-01-27 12:29:20 INFO  ProjectStartupHandler.runActivity(74) - ---------- Project opened ----------
2023-01-27 12:29:20 INFO  ProjectStartupHandler.runActivity(75) - ---------- Version 4.02 ----------

2023-01-27 12:29:20 INFO  ApacheHttpClient.isSessionAppropriateWithSecretKey(602) - Waiting for server response.
2023-01-27 12:29:21 INFO  ApacheHttpClient.refreshUserInfo(305) - responseCode = 200
2023-01-27 12:29:21 INFO  ApacheHttpClient.refreshUserInfo(311) - User information received.
2023-01-27 12:29:21 INFO  ApacheHttpClient.startGA(36) - GAService started.
2023-01-27 12:30:51 INFO  ProjectStartupHandler.projectClosing(155) - ---------- Project closed ----------

2023-01-27 12:30:52 INFO  ApacheHttpClient.getTask(488) - responseCode = 200
2023-01-27 12:30:52 INFO  PluginProjectService.dispose(41) - PluginProjectService for disposed.
2023-01-27 12:34:03 INFO  ProjectStartupHandler.runActivity(74) - ---------- Project opened ----------
2023-01-27 12:34:03 INFO  ProjectStartupHandler.runActivity(75) - ---------- Version 4.02 ----------

2023-01-27 12:34:04 INFO  ApacheHttpClient.isSessionAppropriateWithSecretKey(602) - Waiting for server response.
2023-01-27 12:34:04 INFO  ApacheHttpClient.refreshUserInfo(305) - responseCode = 200
2023-01-27 12:34:04 INFO  ApacheHttpClient.refreshUserInfo(311) - User information received.
2023-01-27 12:34:04 INFO  ApacheHttpClient.startGA(36) - GAService started.
2023-01-27 12:36:17 INFO  ProjectStartupHandler.projectClosing(155) - ---------- Project closed ----------

2023-01-27 12:36:17 INFO  ApacheHttpClient.getTask(488) - responseCode = 200
2023-01-27 12:36:17 INFO  PluginProjectService.dispose(41) - PluginProjectService for disposed.
2023-01-27 12:37:14 INFO  ProjectStartupHandler.runActivity(74) - ---------- Project opened ----------
2023-01-27 12:37:14 INFO  ProjectStartupHandler.runActivity(75) - ---------- Version 4.02 ----------

2023-01-27 12:37:14 INFO  ApacheHttpClient.isSessionAppropriateWithSecretKey(602) - Waiting for server response.
2023-01-27 12:37:15 INFO  ApacheHttpClient.isSessionAppropriateWithSecretKey(602) - Waiting for server response.
2023-01-27 12:37:15 INFO  ApacheHttpClient.refreshUserInfo(305) - responseCode = 200
2023-01-27 12:37:15 INFO  ApacheHttpClient.refreshUserInfo(311) - User information received.
2023-01-27 12:37:15 INFO  ApacheHttpClient.startGA(36) - GAService started.
